d:\projects\project4\project4\x64\debug\vc143.pdb
d:\projects\project4\project4\x64\debug\vc143.idb
d:\projects\project4\project4\x64\debug\filename.obj
d:\projects\project4\project4\x64\debug\tect.obj
d:\projects\project4\x64\debug\project4.pdb
d:\projects\project4\project4\x64\debug\project4.tlog\cl.command.1.tlog
d:\projects\project4\project4\x64\debug\project4.tlog\cl.read.1.tlog
d:\projects\project4\project4\x64\debug\project4.tlog\cl.write.1.tlog
d:\projects\project4\project4\x64\debug\project4.tlog\link-cvtres.read.1.tlog
d:\projects\project4\project4\x64\debug\project4.tlog\link-cvtres.write.1.tlog
d:\projects\project4\project4\x64\debug\project4.tlog\link-rc.read.1.tlog
d:\projects\project4\project4\x64\debug\project4.tlog\link-rc.write.1.tlog
d:\projects\project4\project4\x64\debug\project4.tlog\link.5424-cvtres.read.1.tlog
d:\projects\project4\project4\x64\debug\project4.tlog\link.5424-cvtres.write.1.tlog
d:\projects\project4\project4\x64\debug\project4.tlog\link.5424-rc.read.1.tlog
d:\projects\project4\project4\x64\debug\project4.tlog\link.5424-rc.write.1.tlog
d:\projects\project4\project4\x64\debug\project4.tlog\link.5424.read.1.tlog
d:\projects\project4\project4\x64\debug\project4.tlog\link.5424.read.2.tlog
d:\projects\project4\project4\x64\debug\project4.tlog\link.5424.write.1.tlog
d:\projects\project4\project4\x64\debug\project4.tlog\link.command.1.tlog
d:\projects\project4\project4\x64\debug\project4.tlog\link.read.1.tlog
d:\projects\project4\project4\x64\debug\project4.tlog\link.read.2.tlog
d:\projects\project4\project4\x64\debug\project4.tlog\link.write.1.tlog
